<?xml version="1.0" encoding="UTF-8"?>
<!-- Generated by org.testng.reporters.JUnitReportReporter -->
<testsuite skipped="0" hostname="DESKTOP-SNJL23B" name="com.swetha.example.Add" tests="2" failures="0" timestamp="2019-09-26T21:36:00 CDT" time="0.528" errors="0">
  <testcase name="LastrName" time="0.245" classname="com.swetha.example.Add"/>
  <testcase name="enterUserName" time="0.283" classname="com.swetha.example.Add"/>
</testsuite> <!-- com.swetha.example.Add -->
