<?xml version="1.0" encoding="UTF-8"?>
<!-- Generated by org.testng.reporters.JUnitReportReporter -->
<testsuite skipped="0" hostname="DESKTOP-SNJL23B" name="com.swetha.example.AppTest" tests="1" failures="0" timestamp="27 Sep 2019 01:57:47 GMT" time="0.021" errors="0">
  <testcase name="f" time="0.021" classname="com.swetha.example.AppTest"/>
</testsuite> <!-- com.swetha.example.AppTest -->
