<?xml version="1.0" encoding="UTF-8"?>
<!-- Generated by org.testng.reporters.JUnitReportReporter -->
<testsuite skipped="0" hostname="DESKTOP-SNJL23B" name="com.swetha.framework.FirefoxExample" tests="3" failures="0" timestamp="2019-09-23T22:25:17 CDT" time="7.034" errors="0">
  <testcase name="enterPassword" time="0.635" classname="com.swetha.framework.FirefoxExample"/>
  <testcase name="enterUserName" time="0.461" classname="com.swetha.framework.FirefoxExample"/>
  <testcase name="clickLoginButon" time="5.938" classname="com.swetha.framework.FirefoxExample"/>
</testsuite> <!-- com.swetha.framework.FirefoxExample -->
