<?xml version="1.0" encoding="UTF-8"?>
<!-- Generated by org.testng.reporters.JUnitReportReporter -->
<testsuite skipped="0" hostname="DESKTOP-SNJL23B" name="com.swetha.framework.Newid" tests="2" failures="0" timestamp="2019-09-20T23:11:51 CDT" time="3.342" errors="0">
  <testcase name="rName" time="1.089" classname="com.swetha.framework.Newid"/>
  <testcase name="enterUserName" time="2.253" classname="com.swetha.framework.Newid"/>
</testsuite> <!-- com.swetha.framework.Newid -->
