<?xml version="1.0" encoding="UTF-8"?>
<!-- Generated by org.testng.reporters.JUnitReportReporter -->
<testsuite skipped="0" hostname="DESKTOP-SNJL23B" name="SampleTestNGExample" tests="3" failures="0" timestamp="2019-09-23T23:12:50 CDT" time="15.149" errors="0">
  <testcase name="enterUserName" time="0.285" classname="SampleTestNGExample"/>
  <testcase name="enterPassword" time="0.226" classname="SampleTestNGExample"/>
  <testcase name="clickLoginButon" time="14.638" classname="SampleTestNGExample"/>
</testsuite> <!-- SampleTestNGExample -->
