<?xml version="1.0" encoding="UTF-8"?>
<!-- Generated by org.testng.reporters.JUnitReportReporter -->
<testsuite skipped="0" hostname="DESKTOP-SNJL23B" name="com.swetha.framework.firefoxNewId" tests="2" failures="0" timestamp="2019-09-23T23:51:15 CDT" time="0.888" errors="0">
  <testcase name="rName" time="0.784" classname="com.swetha.framework.firefoxNewId"/>
  <testcase name="LastrName" time="0.104" classname="com.swetha.framework.firefoxNewId"/>
</testsuite> <!-- com.swetha.framework.firefoxNewId -->
