<?xml version="1.0" encoding="UTF-8"?>
<!-- Generated by org.testng.reporters.JUnitReportReporter -->
<testsuite skipped="0" hostname="DESKTOP-SNJL23B" name="com.swetha.com.swetha.framework.NewAlert" tests="1" failures="0" timestamp="2019-09-21T10:29:36 CDT" time="0.177" errors="0">
  <testcase name="prompt" time="0.177" classname="com.swetha.com.swetha.framework.NewAlert"/>
</testsuite> <!-- com.swetha.com.swetha.framework.NewAlert -->
