<?xml version="1.0" encoding="UTF-8"?>
<!-- Generated by org.testng.reporters.JUnitReportReporter -->
<testsuite skipped="0" hostname="DESKTOP-SNJL23B" name="com.swetha.framework.SampleTestNGExample" tests="3" failures="0" timestamp="2019-09-20T23:11:52 CDT" time="17.353" errors="0">
  <testcase name="enterPassword" time="0.410" classname="com.swetha.framework.SampleTestNGExample"/>
  <testcase name="clickLoginButon" time="16.481" classname="com.swetha.framework.SampleTestNGExample"/>
  <testcase name="enterUserName" time="0.462" classname="com.swetha.framework.SampleTestNGExample"/>
</testsuite> <!-- com.swetha.framework.SampleTestNGExample -->
